<?xml version="1.0" encoding="UTF-8"?>
<!-- Generated by org.testng.reporters.JUnitReportReporter -->
<testsuite hostname="LAPTOP-1O88FB98" failures="0" tests="5" name="Practice.Sam2" time="0.009" errors="0" timestamp="2022-08-03T15:28:19 IST" skipped="0">
  <testcase classname="Practice.Sam2" name="bookTicekts" time="0.001"/>
  <system-out/>
  <testcase classname="Practice.Sam2" name="bookTicekts" time="0.001"/>
  <system-out/>
  <testcase classname="Practice.Sam2" name="bookTicekts" time="0.001"/>
  <system-out/>
  <testcase classname="Practice.Sam2" name="bookTicekts" time="0.005"/>
  <system-out/>
  <testcase classname="Practice.Sam2" name="bookTicekts" time="0.001"/>
  <system-out/>
</testsuite> <!-- Practice.Sam2 -->
