<?xml version="1.0" encoding="UTF-8"?>
<!-- Generated by org.testng.reporters.JUnitReportReporter -->
<testsuite hostname="LAPTOP-1O88FB98" failures="0" tests="1" name="com.crm.campaign.CreateCampaignNproduct2" time="30.891" errors="0" timestamp="2022-08-03T15:56:37 IST" skipped="0">
  <testcase classname="com.crm.campaign.CreateCampaignNproduct2" name="createProAndCampaign" time="30.891"/>
  <system-out/>
</testsuite> <!-- com.crm.campaign.CreateCampaignNproduct2 -->
