<?xml version="1.0" encoding="UTF-8"?>
<!-- Generated by org.testng.reporters.JUnitReportReporter -->
<testsuite hostname="LAPTOP-1O88FB98" failures="0" tests="1" name="Practice.Sample1" time="0.008" errors="0" timestamp="2022-08-08T19:08:20 IST" skipped="0">
  <testcase classname="Practice.Sample1" name="createContact" time="0.008"/>
  <system-out/>
</testsuite> <!-- Practice.Sample1 -->
