<?xml version="1.0" encoding="UTF-8"?>
<!-- Generated by org.testng.reporters.JUnitReportReporter -->
<testsuite hostname="LAPTOP-1O88FB98" failures="0" tests="1" name="Practice.Sample2" time="0.002" errors="0" timestamp="2022-08-08T19:08:20 IST" skipped="0">
  <testcase classname="Practice.Sample2" name="modifyContact" time="0.002"/>
  <system-out/>
</testsuite> <!-- Practice.Sample2 -->
