<?xml version="1.0" encoding="UTF-8"?>
<!-- Generated by org.testng.reporters.JUnitReportReporter -->
<testsuite hostname="LAPTOP-1O88FB98" failures="0" tests="1" name="com.crm.campaign.CreateCampaignFromGen" time="25.975" errors="0" timestamp="2022-08-03T15:55:46 IST" skipped="0">
  <testcase classname="com.crm.campaign.CreateCampaignFromGen" name="createCampaign" time="25.975"/>
  <system-out/>
</testsuite> <!-- com.crm.campaign.CreateCampaignFromGen -->
